# JRE version: Java(TM) SE Runtime Environment (10.0.1+10) (build 10.0.1+10)
# Java VM: Java HotSpot(TM) 64-Bit Server VM (10.0.1+10, mixed mode, tiered, compressed oops, g1 gc, windows-amd64)
Heap:
 garbage-first heap   total 262144K, used 58970K [0x00000006c0800000, 0x00000007c0000000)
  region size 1024K, 46 young (47104K), 18 survivors (18432K)
 Metaspace       used 30925K, capacity 31498K, committed 31872K, reserved 1077248K
  class space    used 3168K, capacity 3401K, committed 3456K, reserved 1048576K
GC Heap History (10 events):
Event: 1.528 GC heap before
{Heap before GC invocations=2 (full 0):
 garbage-first heap   total 262144K, used 32589K [0x00000006c0800000, 0x00000007c0000000)
  region size 1024K, 29 young (29696K), 1 survivors (1024K)
 Metaspace       used 17196K, capacity 17513K, committed 17792K, reserved 1064960K
  class space    used 1798K, capacity 1899K, committed 1920K, reserved 1048576K
}
Event: 1.531 GC heap after
{Heap after GC invocations=3 (full 0):
 garbage-first heap   total 262144K, used 5255K [0x00000006c0800000, 0x00000007c0000000)
  region size 1024K, 2 young (2048K), 2 survivors (2048K)
 Metaspace       used 17196K, capacity 17513K, committed 17792K, reserved 1064960K
  class space    used 1798K, capacity 1899K, committed 1920K, reserved 1048576K
}
Event: 2.419 GC heap before
{Heap before GC invocations=3 (full 0):
 garbage-first heap   total 262144K, used 53383K [0x00000006c0800000, 0x00000007c0000000)
  region size 1024K, 49 young (50176K), 2 survivors (2048K)
 Metaspace       used 20678K, capacity 21022K, committed 21248K, reserved 1069056K
  class space    used 2114K, capacity 2242K, committed 2304K, reserved 1048576K
}
Event: 2.429 GC heap after
{Heap after GC invocations=4 (full 0):
 garbage-first heap   total 262144K, used 11165K [0x00000006c0800000, 0x00000007c0000000)
  region size 1024K, 7 young (7168K), 7 survivors (7168K)
 Metaspace       used 20678K, capacity 21022K, committed 21248K, reserved 1069056K
  class space    used 2114K, capacity 2242K, committed 2304K, reserved 1048576K
}
Event: 2.433 GC heap before
{Heap before GC invocations=4 (full 0):
 garbage-first heap   total 262144K, used 11165K [0x00000006c0800000, 0x00000007c0000000)
  region size 1024K, 8 young (8192K), 7 survivors (7168K)
 Metaspace       used 20683K, capacity 21022K, committed 21248K, reserved 1069056K
  class space    used 2114K, capacity 2242K, committed 2304K, reserved 1048576K
}
Event: 2.440 GC heap after
{Heap after GC invocations=5 (full 0):
 garbage-first heap   total 262144K, used 12197K [0x00000006c0800000, 0x00000007c0000000)
  region size 1024K, 1 young (1024K), 1 survivors (1024K)
 Metaspace       used 20683K, capacity 21022K, committed 21248K, reserved 1069056K
  class space    used 2114K, capacity 2242K, committed 2304K, reserved 1048576K
}
Event: 2.953 GC heap before
{Heap before GC invocations=6 (full 0):
 garbage-first heap   total 262144K, used 63397K [0x00000006c0800000, 0x00000007c0000000)
  region size 1024K, 51 young (52224K), 1 survivors (1024K)
 Metaspace       used 21162K, capacity 21526K, committed 21760K, reserved 1069056K
  class space    used 2144K, capacity 2278K, committed 2304K, reserved 1048576K
}
Event: 2.958 GC heap after
{Heap after GC invocations=7 (full 0):
 garbage-first heap   total 262144K, used 17016K [0x00000006c0800000, 0x00000007c0000000)
  region size 1024K, 6 young (6144K), 6 survivors (6144K)
 Metaspace       used 21162K, capacity 21526K, committed 21760K, reserved 1069056K
  class space    used 2144K, capacity 2278K, committed 2304K, reserved 1048576K
}
Event: 6.656 GC heap before
{Heap before GC invocations=7 (full 0):
 garbage-first heap   total 262144K, used 170616K [0x00000006c0800000, 0x00000007c0000000)
  region size 1024K, 153 young (156672K), 6 survivors (6144K)
 Metaspace       used 30899K, capacity 31497K, committed 31872K, reserved 1077248K
  class space    used 3168K, capacity 3401K, committed 3456K, reserved 1048576K
}
Event: 6.669 GC heap after
{Heap after GC invocations=8 (full 0):
 garbage-first heap   total 262144K, used 31322K [0x00000006c0800000, 0x00000007c0000000)
  region size 1024K, 18 young (18432K), 18 survivors (18432K)
 Metaspace       used 30899K, capacity 31497K, committed 31872K, reserved 1077248K
  class space    used 3168K, capacity 3401K, committed 3456K, reserved 1048576K
}

